<?xml version="1.0" encoding="UTF-8"?>
<testng-results ignored="0" total="1" passed="1" failed="0" skipped="0">
  <reporter-output>
  </reporter-output>
  <suite started-at="2024-08-21T17:08:05 IST" name="Default suite" finished-at="2024-08-21T17:08:14 IST" duration-ms="9125">
    <groups>
    </groups>
    <test started-at="2024-08-21T17:08:05 IST" name="Default test" finished-at="2024-08-21T17:08:14 IST" duration-ms="9125">
      <class name="chezuba.searchFunctionality">
        <test-method is-config="true" signature="setup()[pri:0, instance:chezuba.searchFunctionality@173ed316]" started-at="2024-08-21T17:08:05 IST" name="setup" finished-at="2024-08-21T17:08:12 IST" duration-ms="7393" status="PASS">
          <reporter-output>
          </reporter-output>
        </test-method> <!-- setup -->
        <test-method signature="testcase1()[pri:0, instance:chezuba.searchFunctionality@173ed316]" started-at="2024-08-21T17:08:12 IST" name="testcase1" finished-at="2024-08-21T17:08:14 IST" duration-ms="1530" status="PASS">
          <reporter-output>
          </reporter-output>
        </test-method> <!-- testcase1 -->
        <test-method is-config="true" signature="teardown()[pri:0, instance:chezuba.searchFunctionality@173ed316]" started-at="2024-08-21T17:08:14 IST" name="teardown" finished-at="2024-08-21T17:08:14 IST" duration-ms="149" status="PASS">
          <reporter-output>
          </reporter-output>
        </test-method> <!-- teardown -->
      </class> <!-- chezuba.searchFunctionality -->
    </test> <!-- Default test -->
  </suite> <!-- Default suite -->
</testng-results>
